[0516/035312.963:ERROR:process_info.cc(343)] VirtualQueryEx: 拒绝访问。 (0x5)
[0516/035312.963:ERROR:process_info.cc(564)] ReadMemoryInfo failed
[0516/035312.979:ERROR:process_reader_win.cc(99)] process 7876 not found
[0516/035312.979:ERROR:exception_snapshot_win.cc(87)] thread ID 28940 not found in process
[0516/035312.979:WARNING:crash_report_exception_handler.cc(60)] ProcessSnapshotWin::Initialize failed
[0516/035312.979:ERROR:scoped_process_suspend.cc(38)] NtResumeProcess: 已尝试访问正在退出的过程。  (0xc000010a)
[0517/004047.210:ERROR:process_info.cc(343)] VirtualQueryEx: 拒绝访问。 (0x5)
[0517/004047.226:ERROR:process_info.cc(564)] ReadMemoryInfo failed
[0517/004047.241:ERROR:process_reader_win.cc(99)] process 39320 not found
[0517/004047.241:ERROR:exception_snapshot_win.cc(87)] thread ID 18756 not found in process
[0517/004047.241:WARNING:crash_report_exception_handler.cc(60)] ProcessSnapshotWin::Initialize failed
[0517/004047.241:ERROR:scoped_process_suspend.cc(38)] NtResumeProcess: 已尝试访问正在退出的过程。  (0xc000010a)
[0519/032130.498:ERROR:process_info.cc(343)] VirtualQueryEx: 拒绝访问。 (0x5)
[0519/032130.504:ERROR:process_info.cc(564)] ReadMemoryInfo failed
[0519/032130.504:ERROR:process_reader_win.cc(233)] ReadMemory at 0x7fffed202968 of 12 bytes failed: 仅完成部分的 ReadProcessMemory 或 WriteProcessMemory 请求。 (0x12B)
[0519/032130.504:WARNING:process_snapshot_win.cc(68)] ReadMemory ExceptionInformation failed
[0519/032130.504:WARNING:crash_report_exception_handler.cc(60)] ProcessSnapshotWin::Initialize failed
[0519/032130.504:ERROR:scoped_process_suspend.cc(38)] NtResumeProcess: 已尝试访问正在退出的过程。  (0xc000010a)
[0520/035030.786:ERROR:process_info.cc(343)] VirtualQueryEx: 拒绝访问。 (0x5)
[0520/035030.793:ERROR:process_info.cc(564)] ReadMemoryInfo failed
[0520/035030.819:ERROR:process_reader_win.cc(99)] process 35424 not found
[0520/035030.819:ERROR:exception_snapshot_win.cc(87)] thread ID 52356 not found in process
[0520/035030.819:WARNING:crash_report_exception_handler.cc(60)] ProcessSnapshotWin::Initialize failed
[0520/035030.819:ERROR:scoped_process_suspend.cc(38)] NtResumeProcess: 已尝试访问正在退出的过程。  (0xc000010a)
[0520/125459.775:ERROR:process_info.cc(343)] VirtualQueryEx: 拒绝访问。 (0x5)
[0520/125459.775:ERROR:process_info.cc(564)] ReadMemoryInfo failed
[0520/125459.775:ERROR:process_reader_win.cc(233)] ReadMemory at 0x7fffdc622968 of 12 bytes failed: 仅完成部分的 ReadProcessMemory 或 WriteProcessMemory 请求。 (0x12B)
[0520/125459.775:WARNING:process_snapshot_win.cc(68)] ReadMemory ExceptionInformation failed
[0520/125459.775:WARNING:crash_report_exception_handler.cc(60)] ProcessSnapshotWin::Initialize failed
[0520/125459.775:ERROR:scoped_process_suspend.cc(38)] NtResumeProcess: 已尝试访问正在退出的过程。  (0xc000010a)
[0520/132354.764:ERROR:process_info.cc(343)] VirtualQueryEx: 拒绝访问。 (0x5)
[0520/132354.764:ERROR:process_info.cc(564)] ReadMemoryInfo failed
[0520/132354.764:ERROR:process_reader_win.cc(233)] ReadMemory at 0x7fffdc552968 of 12 bytes failed: 仅完成部分的 ReadProcessMemory 或 WriteProcessMemory 请求。 (0x12B)
[0520/132354.764:WARNING:process_snapshot_win.cc(68)] ReadMemory ExceptionInformation failed
[0520/132354.764:WARNING:crash_report_exception_handler.cc(60)] ProcessSnapshotWin::Initialize failed
[0520/132354.764:ERROR:scoped_process_suspend.cc(38)] NtResumeProcess: 已尝试访问正在退出的过程。  (0xc000010a)
[0520/152301.329:ERROR:process_info.cc(343)] VirtualQueryEx: 拒绝访问。 (0x5)
[0520/152301.335:ERROR:process_info.cc(564)] ReadMemoryInfo failed
[0520/152301.353:ERROR:process_reader_win.cc(99)] process 17224 not found
[0520/152301.353:ERROR:exception_snapshot_win.cc(87)] thread ID 62528 not found in process
[0520/152301.353:WARNING:crash_report_exception_handler.cc(60)] ProcessSnapshotWin::Initialize failed
[0520/152301.357:ERROR:scoped_process_suspend.cc(38)] NtResumeProcess: 已尝试访问正在退出的过程。  (0xc000010a)
[0520/203844.580:ERROR:process_info.cc(343)] VirtualQueryEx: 拒绝访问。 (0x5)
[0520/203844.591:ERROR:process_info.cc(564)] ReadMemoryInfo failed
[0520/203844.591:ERROR:process_reader_win.cc(233)] ReadMemory at 0x7fffdc622968 of 12 bytes failed: 仅完成部分的 ReadProcessMemory 或 WriteProcessMemory 请求。 (0x12B)
[0520/203844.591:WARNING:process_snapshot_win.cc(68)] ReadMemory ExceptionInformation failed
[0520/203844.591:WARNING:crash_report_exception_handler.cc(60)] ProcessSnapshotWin::Initialize failed
[0520/203844.592:ERROR:scoped_process_suspend.cc(38)] NtResumeProcess: 已尝试访问正在退出的过程。  (0xc000010a)
[0521/031122.762:ERROR:process_info.cc(343)] VirtualQueryEx: 拒绝访问。 (0x5)
[0521/031122.773:ERROR:process_info.cc(564)] ReadMemoryInfo failed
[0521/031122.773:ERROR:process_reader_win.cc(233)] ReadMemory at 0x7fffdc5c2968 of 12 bytes failed: 仅完成部分的 ReadProcessMemory 或 WriteProcessMemory 请求。 (0x12B)
[0521/031122.773:WARNING:process_snapshot_win.cc(68)] ReadMemory ExceptionInformation failed
[0521/031122.773:WARNING:crash_report_exception_handler.cc(60)] ProcessSnapshotWin::Initialize failed
[0521/031122.773:ERROR:scoped_process_suspend.cc(38)] NtResumeProcess: 已尝试访问正在退出的过程。  (0xc000010a)
[0521/072424.315:ERROR:process_reader_win.cc(99)] process 149940 not found
[0521/072424.328:ERROR:exception_snapshot_win.cc(87)] thread ID 134416 not found in process
[0521/072424.328:WARNING:crash_report_exception_handler.cc(60)] ProcessSnapshotWin::Initialize failed
[0521/072424.328:ERROR:scoped_process_suspend.cc(38)] NtResumeProcess: 已尝试访问正在退出的过程。  (0xc000010a)
[0521/090845.751:ERROR:process_info.cc(343)] VirtualQueryEx: 拒绝访问。 (0x5)
[0521/090845.768:ERROR:process_info.cc(564)] ReadMemoryInfo failed
[0521/090845.768:ERROR:process_reader_win.cc(233)] ReadMemory at 0x7fffdc552968 of 12 bytes failed: 仅完成部分的 ReadProcessMemory 或 WriteProcessMemory 请求。 (0x12B)
[0521/090845.769:WARNING:process_snapshot_win.cc(68)] ReadMemory ExceptionInformation failed
[0521/090845.769:WARNING:crash_report_exception_handler.cc(60)] ProcessSnapshotWin::Initialize failed
[0521/090845.769:ERROR:scoped_process_suspend.cc(38)] NtResumeProcess: 已尝试访问正在退出的过程。  (0xc000010a)
[0522/014154.591:ERROR:process_info.cc(343)] VirtualQueryEx: 拒绝访问。 (0x5)
[0522/014154.596:ERROR:process_info.cc(564)] ReadMemoryInfo failed
[0522/014154.596:ERROR:process_reader_win.cc(233)] ReadMemory at 0x7fffecce2968 of 12 bytes failed: 仅完成部分的 ReadProcessMemory 或 WriteProcessMemory 请求。 (0x12B)
[0522/014154.596:WARNING:process_snapshot_win.cc(68)] ReadMemory ExceptionInformation failed
[0522/014154.596:WARNING:crash_report_exception_handler.cc(60)] ProcessSnapshotWin::Initialize failed
[0522/014154.597:ERROR:scoped_process_suspend.cc(38)] NtResumeProcess: 已尝试访问正在退出的过程。  (0xc000010a)
[0522/042554.622:ERROR:process_info.cc(343)] VirtualQueryEx: 拒绝访问。 (0x5)
[0522/042554.622:ERROR:process_info.cc(564)] ReadMemoryInfo failed
[0522/042554.684:ERROR:process_reader_win.cc(99)] process 198052 not found
[0522/042554.684:ERROR:exception_snapshot_win.cc(87)] thread ID 190556 not found in process
[0522/042554.684:WARNING:crash_report_exception_handler.cc(60)] ProcessSnapshotWin::Initialize failed
[0522/042554.684:ERROR:scoped_process_suspend.cc(38)] NtResumeProcess: 已尝试访问正在退出的过程。  (0xc000010a)
[0522/045539.517:ERROR:process_reader_win.cc(142)] SuspendThread: 拒绝访问。 (0x5)
[0522/045539.586:ERROR:exception_snapshot_win.cc(87)] thread ID 200020 not found in process
[0522/045539.586:WARNING:crash_report_exception_handler.cc(60)] ProcessSnapshotWin::Initialize failed
[0522/050627.124:ERROR:process_info.cc(343)] VirtualQueryEx: 拒绝访问。 (0x5)
[0522/050627.124:ERROR:process_info.cc(564)] ReadMemoryInfo failed
[0522/050627.265:ERROR:process_reader_win.cc(99)] process 202388 not found
[0522/050627.265:ERROR:exception_snapshot_win.cc(87)] thread ID 202392 not found in process
[0522/050627.265:WARNING:crash_report_exception_handler.cc(60)] ProcessSnapshotWin::Initialize failed
[0522/050627.265:ERROR:scoped_process_suspend.cc(38)] NtResumeProcess: 已尝试访问正在退出的过程。  (0xc000010a)
[0523/011910.077:ERROR:process_info.cc(116)] ReadProcessMemory bool __cdecl crashpad::`anonymous-namespace'::ReadStruct<struct crashpad::process_types::PEB_LDR_DATA<struct crashpad::process_types::internal::Traits64>>(void *,unsigned __int64,struct crashpad::process_types::PEB_LDR_DATA<struct crashpad::process_types::internal::Traits64> *): 仅完成部分的 ReadProcessMemory 或 WriteProcessMemory 请求。 (0x12B)
[0523/011910.084:ERROR:process_info.cc(559)] ReadProcessData failed
[0523/011910.085:ERROR:process_reader_win.cc(233)] ReadMemory at 0x7ffff4e22968 of 12 bytes failed: 仅完成部分的 ReadProcessMemory 或 WriteProcessMemory 请求。 (0x12B)
[0523/011910.085:WARNING:process_snapshot_win.cc(68)] ReadMemory ExceptionInformation failed
[0523/011910.085:WARNING:crash_report_exception_handler.cc(60)] ProcessSnapshotWin::Initialize failed
[0523/011910.086:ERROR:scoped_process_suspend.cc(38)] NtResumeProcess: 已尝试访问正在退出的过程。  (0xc000010a)
[0523/013112.581:ERROR:process_info.cc(343)] VirtualQueryEx: 拒绝访问。 (0x5)
[0523/013112.583:ERROR:process_info.cc(564)] ReadMemoryInfo failed
[0523/013112.719:ERROR:process_reader_win.cc(99)] process 223936 not found
[0523/013112.719:ERROR:exception_snapshot_win.cc(87)] thread ID 223832 not found in process
[0523/013112.719:WARNING:crash_report_exception_handler.cc(60)] ProcessSnapshotWin::Initialize failed
[0523/013112.720:ERROR:scoped_process_suspend.cc(38)] NtResumeProcess: 已尝试访问正在退出的过程。  (0xc000010a)
[0523/035501.663:ERROR:process_info.cc(116)] ReadProcessMemory bool __cdecl crashpad::`anonymous-namespace'::ReadStruct<struct crashpad::process_types::PEB<struct crashpad::process_types::internal::Traits64>>(void *,unsigned __int64,struct crashpad::process_types::PEB<struct crashpad::process_types::internal::Traits64> *): 仅完成部分的 ReadProcessMemory 或 WriteProcessMemory 请求。 (0x12B)
[0523/035501.735:ERROR:process_info.cc(559)] ReadProcessData failed
[0523/035501.781:ERROR:process_reader_win.cc(233)] ReadMemory at 0x7ffff4e22968 of 12 bytes failed: 仅完成部分的 ReadProcessMemory 或 WriteProcessMemory 请求。 (0x12B)
[0523/035501.782:WARNING:process_snapshot_win.cc(68)] ReadMemory ExceptionInformation failed
[0523/035501.782:WARNING:crash_report_exception_handler.cc(60)] ProcessSnapshotWin::Initialize failed
[0523/035501.833:ERROR:scoped_process_suspend.cc(38)] NtResumeProcess: 已尝试访问正在退出的过程。  (0xc000010a)
[0523/045432.692:ERROR:process_info.cc(343)] VirtualQueryEx: 拒绝访问。 (0x5)
[0523/045432.762:ERROR:process_info.cc(564)] ReadMemoryInfo failed
[0523/045432.836:ERROR:process_reader_win.cc(233)] ReadMemory at 0x7ffff57c2968 of 12 bytes failed: 仅完成部分的 ReadProcessMemory 或 WriteProcessMemory 请求。 (0x12B)
[0523/045432.837:WARNING:process_snapshot_win.cc(68)] ReadMemory ExceptionInformation failed
[0523/045432.837:WARNING:crash_report_exception_handler.cc(60)] ProcessSnapshotWin::Initialize failed
[0523/045432.925:ERROR:scoped_process_suspend.cc(38)] NtResumeProcess: 已尝试访问正在退出的过程。  (0xc000010a)
[0523/060610.484:ERROR:process_info.cc(343)] VirtualQueryEx: 拒绝访问。 (0x5)
[0523/060610.489:ERROR:process_info.cc(564)] ReadMemoryInfo failed
[0523/060610.555:ERROR:process_reader_win.cc(99)] process 268832 not found
[0523/060610.555:ERROR:exception_snapshot_win.cc(87)] thread ID 269260 not found in process
[0523/060610.555:WARNING:crash_report_exception_handler.cc(60)] ProcessSnapshotWin::Initialize failed
[0523/060610.555:ERROR:scoped_process_suspend.cc(38)] NtResumeProcess: 已尝试访问正在退出的过程。  (0xc000010a)
[0523/061216.344:ERROR:process_info.cc(343)] VirtualQueryEx: 拒绝访问。 (0x5)
[0523/061216.349:ERROR:process_info.cc(564)] ReadMemoryInfo failed
[0523/061216.518:ERROR:process_reader_win.cc(99)] process 261844 not found
[0523/061216.518:ERROR:exception_snapshot_win.cc(87)] thread ID 263932 not found in process
[0523/061216.518:WARNING:crash_report_exception_handler.cc(60)] ProcessSnapshotWin::Initialize failed
[0523/061216.518:ERROR:scoped_process_suspend.cc(38)] NtResumeProcess: 已尝试访问正在退出的过程。  (0xc000010a)
[0523/085909.231:ERROR:process_info.cc(343)] VirtualQueryEx: 拒绝访问。 (0x5)
[0523/085909.235:ERROR:process_info.cc(564)] ReadMemoryInfo failed
[0523/085909.291:ERROR:process_reader_win.cc(99)] process 297512 not found
[0523/085909.291:ERROR:exception_snapshot_win.cc(87)] thread ID 295016 not found in process
[0523/085909.291:WARNING:crash_report_exception_handler.cc(60)] ProcessSnapshotWin::Initialize failed
[0523/085909.292:ERROR:scoped_process_suspend.cc(38)] NtResumeProcess: 已尝试访问正在退出的过程。  (0xc000010a)
[0523/143215.862:ERROR:process_reader_win.cc(142)] SuspendThread: 拒绝访问。 (0x5)
[0523/143215.925:ERROR:exception_snapshot_win.cc(87)] thread ID 344464 not found in process
[0523/143215.925:WARNING:crash_report_exception_handler.cc(60)] ProcessSnapshotWin::Initialize failed
[0523/152759.744:ERROR:process_info.cc(343)] VirtualQueryEx: 拒绝访问。 (0x5)
[0523/152759.837:ERROR:process_info.cc(564)] ReadMemoryInfo failed
[0523/152759.841:ERROR:process_reader_win.cc(233)] ReadMemory at 0x7ffff57c2968 of 12 bytes failed: 仅完成部分的 ReadProcessMemory 或 WriteProcessMemory 请求。 (0x12B)
[0523/152759.841:WARNING:process_snapshot_win.cc(68)] ReadMemory ExceptionInformation failed
[0523/152759.841:WARNING:crash_report_exception_handler.cc(60)] ProcessSnapshotWin::Initialize failed
[0523/152759.900:ERROR:scoped_process_suspend.cc(38)] NtResumeProcess: 已尝试访问正在退出的过程。  (0xc000010a)
[0523/160027.482:ERROR:process_reader_win.cc(99)] process 362240 not found
[0523/160027.484:ERROR:exception_snapshot_win.cc(87)] thread ID 363828 not found in process
[0523/160027.484:WARNING:crash_report_exception_handler.cc(60)] ProcessSnapshotWin::Initialize failed
[0523/160027.484:ERROR:scoped_process_suspend.cc(38)] NtResumeProcess: 已尝试访问正在退出的过程。  (0xc000010a)
[0523/160555.793:ERROR:process_reader_win.cc(99)] process 355776 not found
[0523/160555.797:ERROR:exception_snapshot_win.cc(87)] thread ID 365336 not found in process
[0523/160555.797:WARNING:crash_report_exception_handler.cc(60)] ProcessSnapshotWin::Initialize failed
[0523/160555.797:ERROR:scoped_process_suspend.cc(38)] NtResumeProcess: 已尝试访问正在退出的过程。  (0xc000010a)
[0523/183300.009:ERROR:process_info.cc(116)] ReadProcessMemory bool __cdecl crashpad::`anonymous-namespace'::ReadStruct<struct crashpad::process_types::PEB<struct crashpad::process_types::internal::Traits64>>(void *,unsigned __int64,struct crashpad::process_types::PEB<struct crashpad::process_types::internal::Traits64> *): 仅完成部分的 ReadProcessMemory 或 WriteProcessMemory 请求。 (0x12B)
[0523/183300.099:ERROR:process_info.cc(559)] ReadProcessData failed
[0523/183300.103:ERROR:process_reader_win.cc(233)] ReadMemory at 0x7ffff57c2968 of 12 bytes failed: 仅完成部分的 ReadProcessMemory 或 WriteProcessMemory 请求。 (0x12B)
[0523/183300.103:WARNING:process_snapshot_win.cc(68)] ReadMemory ExceptionInformation failed
[0523/183300.103:WARNING:crash_report_exception_handler.cc(60)] ProcessSnapshotWin::Initialize failed
[0523/183300.150:ERROR:scoped_process_suspend.cc(38)] NtResumeProcess: 已尝试访问正在退出的过程。  (0xc000010a)
[0523/200733.434:ERROR:process_reader_win.cc(99)] process 398928 not found
[0523/200733.437:ERROR:exception_snapshot_win.cc(87)] thread ID 401252 not found in process
[0523/200733.437:WARNING:crash_report_exception_handler.cc(60)] ProcessSnapshotWin::Initialize failed
[0523/200733.438:ERROR:scoped_process_suspend.cc(38)] NtResumeProcess: 已尝试访问正在退出的过程。  (0xc000010a)
[0523/203132.671:ERROR:process_info.cc(343)] VirtualQueryEx: 拒绝访问。 (0x5)
[0523/203132.676:ERROR:process_info.cc(564)] ReadMemoryInfo failed
[0523/203133.096:ERROR:process_reader_win.cc(99)] process 405756 not found
[0523/203133.096:ERROR:exception_snapshot_win.cc(87)] thread ID 400436 not found in process
[0523/203133.096:WARNING:crash_report_exception_handler.cc(60)] ProcessSnapshotWin::Initialize failed
[0523/203133.097:ERROR:scoped_process_suspend.cc(38)] NtResumeProcess: 已尝试访问正在退出的过程。  (0xc000010a)
